<?xml version="1.0" encoding="UTF-8"?>
<testng-results ignored="0" total="1" passed="1" failed="0" skipped="0">
  <reporter-output>
  </reporter-output>
  <suite started-at="2023-07-31T11:21:12 IST" name="Default suite" finished-at="2023-07-31T11:21:28 IST" duration-ms="15384">
    <groups>
    </groups>
    <test started-at="2023-07-31T11:21:12 IST" name="Default test" finished-at="2023-07-31T11:21:28 IST" duration-ms="15384">
      <class name="test.Wapptest">
        <test-method is-config="true" signature="setUp()[pri:0, instance:test.Wapptest@548d708a]" started-at="2023-07-31T11:21:12 IST" name="setUp" finished-at="2023-07-31T11:21:15 IST" duration-ms="2758" status="PASS">
          <reporter-output>
          </reporter-output>
        </test-method> <!-- setUp -->
        <test-method is-config="true" signature="urlLoad()[pri:0, instance:test.Wapptest@548d708a]" started-at="2023-07-31T11:21:15 IST" name="urlLoad" finished-at="2023-07-31T11:21:23 IST" duration-ms="7658" status="PASS">
          <reporter-output>
          </reporter-output>
        </test-method> <!-- urlLoad -->
        <test-method signature="runPage()[pri:0, instance:test.Wapptest@548d708a]" started-at="2023-07-31T11:21:23 IST" name="runPage" finished-at="2023-07-31T11:21:27 IST" duration-ms="4454" status="PASS">
          <reporter-output>
          </reporter-output>
        </test-method> <!-- runPage -->
        <test-method is-config="true" signature="aftermethod1()[pri:0, instance:test.Wapptest@548d708a]" started-at="2023-07-31T11:21:27 IST" name="aftermethod1" finished-at="2023-07-31T11:21:27 IST" duration-ms="2" status="PASS">
          <reporter-output>
          </reporter-output>
        </test-method> <!-- aftermethod1 -->
        <test-method is-config="true" signature="tearDown()[pri:0, instance:test.Wapptest@548d708a]" started-at="2023-07-31T11:21:27 IST" name="tearDown" finished-at="2023-07-31T11:21:28 IST" duration-ms="445" status="PASS">
          <reporter-output>
          </reporter-output>
        </test-method> <!-- tearDown -->
      </class> <!-- test.Wapptest -->
    </test> <!-- Default test -->
  </suite> <!-- Default suite -->
</testng-results>
